  Class.cpp
C:\Users\sfily\Desktop\code\Project5\Class.h(9,18): error C2061: синтаксическая ошибка: идентификатор "Point"
C:\Users\sfily\Desktop\code\Project5\Class.h(10,18): error C2061: синтаксическая ошибка: идентификатор "Point"
C:\Users\sfily\Desktop\code\Project5\Class.h(11,18): error C2061: синтаксическая ошибка: идентификатор "Point"
C:\Users\sfily\Desktop\code\Project5\Class.h(12,12): error C3646: getA: неизвестный спецификатор переопределения
C:\Users\sfily\Desktop\code\Project5\Class.h(12,12): error C2059: синтаксическая ошибка: (
C:\Users\sfily\Desktop\code\Project5\Class.h(12,14): error C2238: непредвиденные лексемы перед ";"
C:\Users\sfily\Desktop\code\Project5\Class.h(13,12): error C3646: getB: неизвестный спецификатор переопределения
C:\Users\sfily\Desktop\code\Project5\Class.h(13,12): error C2059: синтаксическая ошибка: (
C:\Users\sfily\Desktop\code\Project5\Class.h(13,14): error C2238: непредвиденные лексемы перед ";"
C:\Users\sfily\Desktop\code\Project5\Class.h(14,12): error C3646: getC: неизвестный спецификатор переопределения
C:\Users\sfily\Desktop\code\Project5\Class.h(14,12): error C2059: синтаксическая ошибка: (
C:\Users\sfily\Desktop\code\Project5\Class.h(14,14): error C2238: непредвиденные лексемы перед ";"
C:\Users\sfily\Desktop\code\Project5\Class.h(18,9): error C3646: a: неизвестный спецификатор переопределения
C:\Users\sfily\Desktop\code\Project5\Class.h(18,9): error C2059: синтаксическая ошибка: ,
C:\Users\sfily\Desktop\code\Project5\Class.h(18,15): error C2238: непредвиденные лексемы перед ";"
C:\Users\sfily\Desktop\code\Project5\Class.h(19,25): error C2061: синтаксическая ошибка: идентификатор "Point"
C:\Users\sfily\Desktop\code\Project5\Class.cpp(5,3): error C2065: a: необъявленный идентификатор
C:\Users\sfily\Desktop\code\Project5\Class.cpp(5,16): error C2061: синтаксическая ошибка: идентификатор "Point"
C:\Users\sfily\Desktop\code\Project5\Class.cpp(6,3): error C2065: b: необъявленный идентификатор
C:\Users\sfily\Desktop\code\Project5\Class.cpp(6,16): error C2061: синтаксическая ошибка: идентификатор "Point"
C:\Users\sfily\Desktop\code\Project5\Class.cpp(7,3): error C2065: c: необъявленный идентификатор
C:\Users\sfily\Desktop\code\Project5\Class.cpp(7,16): error C2061: синтаксическая ошибка: идентификатор "Point"
C:\Users\sfily\Desktop\code\Project5\Class.cpp(12,3): error C2065: a: необъявленный идентификатор
C:\Users\sfily\Desktop\code\Project5\Class.cpp(12,16): error C2061: синтаксическая ошибка: идентификатор "Point"
C:\Users\sfily\Desktop\code\Project5\Class.cpp(13,3): error C2065: b: необъявленный идентификатор
C:\Users\sfily\Desktop\code\Project5\Class.cpp(13,16): error C2061: синтаксическая ошибка: идентификатор "Point"
C:\Users\sfily\Desktop\code\Project5\Class.cpp(14,3): error C2065: c: необъявленный идентификатор
C:\Users\sfily\Desktop\code\Project5\Class.cpp(14,16): error C2061: синтаксическая ошибка: идентификатор "Point"
C:\Users\sfily\Desktop\code\Project5\Class.cpp(21,1): error C2059: синтаксическая ошибка: }
C:\Users\sfily\Desktop\code\Project5\Class.cpp(28,17): error C2039: "getA": не является членом "Triangle".
C:\Users\sfily\Desktop\code\Project5\Class.h(2): message : см. объявление "Triangle"
C:\Users\sfily\Desktop\code\Project5\Class.cpp(28,21): error C4430: отсутствует спецификатор типа - предполагается int. Примечание. C++ не поддерживает int по умолчанию
C:\Users\sfily\Desktop\code\Project5\Class.cpp(28,21): error C2146: синтаксическая ошибка: отсутствие ";" перед идентификатором "getA"
C:\Users\sfily\Desktop\code\Project5\Class.cpp(29,1): error C2143: синтаксическая ошибка: отсутствие ";" перед "{"
C:\Users\sfily\Desktop\code\Project5\Class.cpp(29,1): error C2447: {: отсутствует заголовок функции (возможно, используется формальный список старого типа)
C:\Users\sfily\Desktop\code\Project5\Class.cpp(33,27): error C2146: синтаксическая ошибка: отсутствие ")" перед идентификатором "a"
C:\Users\sfily\Desktop\code\Project5\Class.cpp(34,1): error C2143: синтаксическая ошибка: отсутствие ";" перед "{"
C:\Users\sfily\Desktop\code\Project5\Class.cpp(34,1): error C2447: {: отсутствует заголовок функции (возможно, используется формальный список старого типа)
  Source.cpp
  Создание кода...
